{"level":"info","message":"Server running on http://localhost:80","timestamp":"2024-11-04T12:59:08.569Z"}
{"level":"info","message":"GET /","timestamp":"2024-11-04T12:59:27.996Z"}
{"level":"info","message":"GET /favicon.ico","timestamp":"2024-11-04T12:59:28.214Z"}
{"level":"info","message":"POST /login","timestamp":"2024-11-04T12:59:53.962Z"}
{"level":"info","message":"GET /main","timestamp":"2024-11-04T12:59:54.015Z"}
{"level":"info","message":"GET /main/ballons","timestamp":"2024-11-04T13:00:04.677Z"}
{"level":"info","message":"GET /main/mattress","timestamp":"2024-11-04T13:00:07.083Z"}
{"level":"info","message":"GET /main/fbort","timestamp":"2024-11-04T13:00:08.489Z"}
{"level":"info","message":"GET /main/ballons","timestamp":"2024-11-04T13:00:09.049Z"}
{"level":"info","message":"POST /main/ballons","timestamp":"2024-11-04T13:00:10.540Z"}
{"level":"info","message":"POST /main/save/ballons","timestamp":"2024-11-04T13:00:17.159Z"}
{"level":"info","message":"GET /main/ballons","timestamp":"2024-11-04T13:00:17.164Z"}
{"level":"info","message":"GET /main/fbort","timestamp":"2024-11-04T13:00:44.389Z"}
{"level":"info","message":"GET /main/mattress","timestamp":"2024-11-04T13:00:44.774Z"}
{"level":"info","message":"GET /main/ballons","timestamp":"2024-11-04T13:00:46.250Z"}
{"level":"info","message":"POST /main/ballons","timestamp":"2024-11-04T13:00:49.010Z"}
{"level":"info","message":"Server running on http://localhost:80","timestamp":"2024-11-04T13:13:13.596Z"}
{"level":"info","message":"GET /","timestamp":"2024-11-04T13:13:16.900Z"}
{"level":"info","message":"POST /login","timestamp":"2024-11-04T13:13:21.888Z"}
{"level":"info","message":"GET /main","timestamp":"2024-11-04T13:13:21.941Z"}
{"level":"info","message":"GET /main/ballons","timestamp":"2024-11-04T13:13:23.398Z"}
{"level":"info","message":"Server running on http://localhost:80","timestamp":"2024-11-04T13:29:45.136Z"}
{"level":"info","message":"GET /","timestamp":"2024-11-04T13:29:46.721Z"}
{"level":"info","message":"POST /login","timestamp":"2024-11-04T13:29:48.457Z"}
{"level":"info","message":"GET /main","timestamp":"2024-11-04T13:29:48.510Z"}
{"level":"info","message":"GET /main/ballons","timestamp":"2024-11-04T13:29:49.781Z"}
{"level":"info","message":"GET /main/mattress","timestamp":"2024-11-04T13:29:51.288Z"}
{"level":"info","message":"GET /main/fbort","timestamp":"2024-11-04T13:29:52.069Z"}
{"level":"info","message":"GET /main/mattress","timestamp":"2024-11-04T13:29:52.991Z"}
{"level":"info","message":"GET /main/ballons","timestamp":"2024-11-04T13:29:53.420Z"}
{"level":"info","message":"POST /main/del/ballons","timestamp":"2024-11-04T13:30:20.548Z"}
{"level":"info","message":"GET /main/ballons","timestamp":"2024-11-04T13:30:20.553Z"}
{"level":"info","message":"GET /main/ballons","timestamp":"2024-11-04T13:30:22.337Z"}
{"level":"info","message":"GET /main/ballons","timestamp":"2024-11-04T13:30:29.309Z"}
{"level":"info","message":"POST /main/save/ballons","timestamp":"2024-11-04T13:30:37.214Z"}
{"level":"info","message":"GET /main/ballons","timestamp":"2024-11-04T13:30:37.218Z"}
{"level":"info","message":"POST /main/del/ballons","timestamp":"2024-11-04T13:30:42.232Z"}
{"level":"info","message":"GET /main/ballons","timestamp":"2024-11-04T13:30:42.235Z"}
{"level":"info","message":"GET /main/mattress","timestamp":"2024-11-04T13:30:46.073Z"}
{"level":"info","message":"GET /main/fbort","timestamp":"2024-11-04T13:30:46.669Z"}
{"level":"info","message":"GET /main/ballons","timestamp":"2024-11-04T13:30:47.313Z"}
{"level":"info","message":"GET /","timestamp":"2024-11-04T13:30:54.970Z"}
{"level":"info","message":"GET /","timestamp":"2024-11-04T13:30:55.813Z"}
{"level":"info","message":"GET /","timestamp":"2024-11-04T13:30:56.328Z"}
{"level":"info","message":"GET /","timestamp":"2024-11-04T13:30:56.516Z"}
{"level":"info","message":"GET /","timestamp":"2024-11-04T13:30:56.692Z"}
{"level":"info","message":"GET /","timestamp":"2024-11-04T13:30:56.862Z"}
{"level":"info","message":"GET /","timestamp":"2024-11-04T13:30:57.015Z"}
{"level":"info","message":"GET /","timestamp":"2024-11-04T13:30:57.168Z"}
{"level":"info","message":"Server running on http://localhost:80","timestamp":"2024-11-04T14:12:26.265Z"}
{"level":"info","message":"GET /","timestamp":"2024-11-04T14:12:34.631Z"}
{"level":"info","message":"POST /login","timestamp":"2024-11-04T14:12:48.653Z"}
{"level":"info","message":"GET /main","timestamp":"2024-11-04T14:12:48.706Z"}
{"level":"info","message":"GET /main/ballons","timestamp":"2024-11-04T14:12:50.470Z"}
{"level":"info","message":"GET /main/mattress","timestamp":"2024-11-04T14:12:53.103Z"}
{"level":"info","message":"GET /main/fbort","timestamp":"2024-11-04T14:12:53.664Z"}
{"level":"info","message":"GET /main/ballons","timestamp":"2024-11-04T14:12:54.345Z"}
{"level":"info","message":"POST /main/ballons","timestamp":"2024-11-04T14:13:16.358Z"}
{"level":"info","message":"Server running on http://localhost:80","timestamp":"2024-11-04T14:13:54.319Z"}
{"level":"info","message":"POST /main/ballons","timestamp":"2024-11-04T14:13:57.305Z"}
{"level":"info","message":"GET /main/ballons","timestamp":"2024-11-04T14:13:57.312Z"}
{"level":"info","message":"GET /","timestamp":"2024-11-04T14:13:57.314Z"}
{"level":"info","message":"POST /login","timestamp":"2024-11-04T14:13:58.921Z"}
{"level":"info","message":"GET /main","timestamp":"2024-11-04T14:13:58.973Z"}
{"level":"info","message":"GET /main/ballons","timestamp":"2024-11-04T14:14:00.150Z"}
{"level":"info","message":"POST /main/ballons","timestamp":"2024-11-04T14:14:05.864Z"}
{"level":"info","message":"Server running on http://localhost:80","timestamp":"2024-11-04T14:15:10.029Z"}
{"level":"info","message":"POST /main/ballons","timestamp":"2024-11-04T14:15:13.029Z"}
{"level":"info","message":"GET /main/ballons","timestamp":"2024-11-04T14:15:13.035Z"}
{"level":"info","message":"GET /","timestamp":"2024-11-04T14:15:13.038Z"}
{"level":"info","message":"POST /login","timestamp":"2024-11-04T14:15:14.668Z"}
{"level":"info","message":"GET /main","timestamp":"2024-11-04T14:15:14.720Z"}
{"level":"info","message":"GET /main/ballons","timestamp":"2024-11-04T14:15:15.731Z"}
{"level":"info","message":"Server running on http://localhost:80","timestamp":"2024-11-04T14:16:09.411Z"}
{"level":"info","message":"GET /main/ballons","timestamp":"2024-11-04T14:17:40.335Z"}
{"level":"info","message":"GET /","timestamp":"2024-11-04T14:17:40.342Z"}
{"level":"info","message":"POST /login","timestamp":"2024-11-04T14:17:41.806Z"}
{"level":"info","message":"GET /main","timestamp":"2024-11-04T14:17:41.857Z"}
{"level":"info","message":"GET /main/ballons","timestamp":"2024-11-04T14:17:42.722Z"}
{"level":"info","message":"POST /main/ballons","timestamp":"2024-11-04T14:17:44.184Z"}
{"level":"info","message":"Server running on http://localhost:80","timestamp":"2024-11-04T14:22:39.965Z"}
{"level":"info","message":"GET /","timestamp":"2024-11-04T14:22:42.270Z"}
{"level":"info","message":"Server running on http://localhost:80","timestamp":"2024-11-04T14:23:54.235Z"}
{"level":"info","message":"GET /","timestamp":"2024-11-04T14:23:55.845Z"}
{"level":"info","message":"POST /login","timestamp":"2024-11-04T14:23:57.485Z"}
{"level":"info","message":"GET /main","timestamp":"2024-11-04T14:23:57.537Z"}
{"level":"info","message":"GET /main/ballons","timestamp":"2024-11-04T14:23:58.567Z"}
{"level":"info","message":"POST /main/ballons","timestamp":"2024-11-04T14:24:06.379Z"}
{"level":"info","message":"GET /main/ballons","timestamp":"2024-11-04T14:24:06.382Z"}
{"level":"info","message":"POST /main/save/ballons","timestamp":"2024-11-04T14:24:14.718Z"}
{"level":"info","message":"GET /main/ballons","timestamp":"2024-11-04T14:24:14.722Z"}
{"level":"info","message":"GET /main/mattress","timestamp":"2024-11-04T14:24:20.683Z"}
{"level":"info","message":"POST /main/mattress","timestamp":"2024-11-04T14:24:23.039Z"}
{"level":"info","message":"GET /main/mattress","timestamp":"2024-11-04T14:24:23.042Z"}
{"level":"info","message":"POST /main/save/mattress","timestamp":"2024-11-04T14:24:34.134Z"}
{"level":"info","message":"GET /main/mattress","timestamp":"2024-11-04T14:24:34.138Z"}
{"level":"info","message":"GET /main/ballons","timestamp":"2024-11-04T14:24:44.435Z"}
{"level":"info","message":"POST /main/del/ballons","timestamp":"2024-11-04T14:24:45.964Z"}
{"level":"info","message":"GET /main/ballons","timestamp":"2024-11-04T14:24:45.967Z"}
{"level":"info","message":"GET /main/mattress","timestamp":"2024-11-04T14:24:46.867Z"}
{"level":"info","message":"POST /main/del/mattress","timestamp":"2024-11-04T14:24:47.652Z"}
{"level":"info","message":"GET /main/mattress","timestamp":"2024-11-04T14:24:47.655Z"}
{"level":"info","message":"GET /main/ballons","timestamp":"2024-11-04T14:24:49.015Z"}
{"level":"info","message":"GET /","timestamp":"2024-11-04T14:25:07.349Z"}
{"level":"info","message":"GET /main/ballons","timestamp":"2024-11-04T14:25:08.864Z"}
{"level":"info","message":"GET /","timestamp":"2024-11-04T14:25:11.884Z"}
{"level":"info","message":"GET /","timestamp":"2024-11-04T14:25:12.696Z"}
{"level":"info","message":"GET /main/ballons","timestamp":"2024-11-04T14:25:13.224Z"}
{"level":"info","message":"GET /","timestamp":"2024-11-04T14:25:14.832Z"}
{"level":"info","message":"Server running on http://localhost:80","timestamp":"2024-11-04T14:25:35.625Z"}
{"level":"info","message":"GET /","timestamp":"2024-11-04T14:25:39.285Z"}
{"level":"info","message":"POST /login","timestamp":"2024-11-04T14:26:50.601Z"}
{"level":"info","message":"GET /main","timestamp":"2024-11-04T14:26:50.654Z"}
{"level":"info","message":"GET /main/ballons","timestamp":"2024-11-04T14:26:52.145Z"}
{"level":"info","message":"POST /main/ballons","timestamp":"2024-11-04T14:26:59.666Z"}
{"level":"info","message":"GET /main/ballons","timestamp":"2024-11-04T14:26:59.669Z"}
{"level":"info","message":"POST /main/save/ballons","timestamp":"2024-11-04T14:27:15.354Z"}
{"level":"info","message":"GET /main/ballons","timestamp":"2024-11-04T14:27:15.358Z"}
{"level":"info","message":"POST /main/edit/ballons","timestamp":"2024-11-04T14:27:33.012Z"}
{"level":"info","message":"GET /main/ballons","timestamp":"2024-11-04T14:27:33.016Z"}
{"level":"info","message":"GET /main/mattress","timestamp":"2024-11-04T14:27:39.403Z"}
{"level":"info","message":"GET /main/fbort","timestamp":"2024-11-04T14:27:42.120Z"}
{"level":"info","message":"GET /main/ballons","timestamp":"2024-11-04T14:27:44.322Z"}
{"level":"info","message":"POST /main/save/ballons","timestamp":"2024-11-04T14:28:15.100Z"}
{"level":"info","message":"GET /main/ballons","timestamp":"2024-11-04T14:28:15.103Z"}
{"level":"info","message":"POST /main/save/ballons","timestamp":"2024-11-04T14:28:16.671Z"}
{"level":"info","message":"GET /main/ballons","timestamp":"2024-11-04T14:28:16.674Z"}
{"level":"info","message":"POST /main/save/ballons","timestamp":"2024-11-04T14:28:17.977Z"}
{"level":"info","message":"GET /main/ballons","timestamp":"2024-11-04T14:28:17.980Z"}
{"level":"info","message":"POST /main/save/ballons","timestamp":"2024-11-04T14:28:19.010Z"}
{"level":"info","message":"GET /main/ballons","timestamp":"2024-11-04T14:28:19.013Z"}
{"level":"info","message":"POST /main/save/ballons","timestamp":"2024-11-04T14:28:20.388Z"}
{"level":"info","message":"GET /main/ballons","timestamp":"2024-11-04T14:28:20.391Z"}
{"level":"info","message":"POST /main/save/ballons","timestamp":"2024-11-04T14:28:21.724Z"}
{"level":"info","message":"GET /main/ballons","timestamp":"2024-11-04T14:28:21.727Z"}
{"level":"info","message":"POST /main/save/ballons","timestamp":"2024-11-04T14:29:49.820Z"}
{"level":"info","message":"GET /main/ballons","timestamp":"2024-11-04T14:29:49.823Z"}
{"level":"info","message":"GET /main/mattress","timestamp":"2024-11-04T14:33:36.804Z"}
{"level":"info","message":"GET /main/fbort","timestamp":"2024-11-04T14:33:41.702Z"}
{"level":"info","message":"GET /main/mattress","timestamp":"2024-11-04T14:33:42.191Z"}
{"level":"info","message":"GET /main/fbort","timestamp":"2024-11-04T14:33:44.393Z"}
{"level":"info","message":"GET /main/ballons","timestamp":"2024-11-04T14:33:52.913Z"}
{"level":"info","message":"POST /main/del/ballons","timestamp":"2024-11-04T14:34:42.741Z"}
{"level":"info","message":"GET /main/ballons","timestamp":"2024-11-04T14:34:42.745Z"}
{"level":"info","message":"POST /main/del/ballons","timestamp":"2024-11-04T14:34:43.706Z"}
{"level":"info","message":"GET /main/ballons","timestamp":"2024-11-04T14:34:43.709Z"}
{"level":"info","message":"POST /main/del/ballons","timestamp":"2024-11-04T14:34:44.222Z"}
{"level":"info","message":"GET /main/ballons","timestamp":"2024-11-04T14:34:44.225Z"}
{"level":"info","message":"POST /main/del/ballons","timestamp":"2024-11-04T14:34:44.692Z"}
{"level":"info","message":"GET /main/ballons","timestamp":"2024-11-04T14:34:44.695Z"}
{"level":"info","message":"POST /main/del/ballons","timestamp":"2024-11-04T14:34:45.159Z"}
{"level":"info","message":"GET /main/ballons","timestamp":"2024-11-04T14:34:45.162Z"}
{"level":"info","message":"POST /main/del/ballons","timestamp":"2024-11-04T14:34:45.580Z"}
{"level":"info","message":"GET /main/ballons","timestamp":"2024-11-04T14:34:45.583Z"}
{"level":"info","message":"POST /main/del/ballons","timestamp":"2024-11-04T14:34:46.017Z"}
{"level":"info","message":"GET /main/ballons","timestamp":"2024-11-04T14:34:46.020Z"}
{"level":"info","message":"POST /main/del/ballons","timestamp":"2024-11-04T14:34:46.494Z"}
{"level":"info","message":"GET /main/ballons","timestamp":"2024-11-04T14:34:46.496Z"}
{"level":"info","message":"POST /main/ballons","timestamp":"2024-11-04T14:35:46.973Z"}
{"level":"info","message":"GET /main/ballons","timestamp":"2024-11-04T14:35:46.976Z"}
{"level":"info","message":"GET /main/mattress","timestamp":"2024-11-04T14:36:37.104Z"}
{"level":"info","message":"GET /main/fbort","timestamp":"2024-11-04T14:37:10.224Z"}
{"level":"info","message":"GET /main/ballons","timestamp":"2024-11-04T14:39:58.472Z"}
{"level":"info","message":"Server running on http://localhost:80","timestamp":"2024-11-04T18:13:09.840Z"}
{"level":"info","message":"GET /","timestamp":"2024-11-04T18:13:17.293Z"}
{"level":"info","message":"POST /login","timestamp":"2024-11-04T18:13:19.029Z"}
{"level":"info","message":"GET /main","timestamp":"2024-11-04T18:13:19.082Z"}
{"level":"info","message":"GET /main/ballons","timestamp":"2024-11-04T18:13:20.173Z"}
{"level":"info","message":"GET /main/mattress","timestamp":"2024-11-04T18:13:20.915Z"}
{"level":"info","message":"GET /main/fbort","timestamp":"2024-11-04T18:13:21.598Z"}
{"level":"info","message":"GET /main/ballons","timestamp":"2024-11-04T18:13:23.642Z"}
{"level":"info","message":"GET /main/mattress","timestamp":"2024-11-04T18:14:05.418Z"}
{"level":"info","message":"GET /main/fbort","timestamp":"2024-11-04T18:14:05.868Z"}
{"level":"info","message":"GET /main/ballons","timestamp":"2024-11-04T18:14:06.330Z"}
